{
  "stats": {
    "suites": 1,
    "tests": 1,
    "passes": 1,
    "pending": 0,
    "failures": 0,
    "start": "2022-08-04T12:06:42.699Z",
    "end": "2022-08-04T12:06:54.869Z",
    "duration": 12170,
    "testsRegistered": 1,
    "passPercent": 100,
    "pendingPercent": 0,
    "other": 0,
    "hasOther": false,
    "skipped": 0,
    "hasSkipped": false
  },
  "results": [
    {
      "uuid": "1be8562f-e380-4124-b842-0d45d6e4b3a8",
      "title": "",
      "fullFile": "cypress\\e2e\\CreateEditRole\\TC02-PermissionManagementFeatureAndBusiness.feature",
      "file": "cypress\\e2e\\CreateEditRole\\TC02-PermissionManagementFeatureAndBusiness.feature",
      "beforeHooks": [],
      "afterHooks": [],
      "tests": [],
      "suites": [
        {
          "uuid": "4e4f565a-641c-416e-b46e-33a6d59e12ac",
          "title": "TC02-CreateEditRole-Permission Management Feature Tiers And Business Roles",
          "fullFile": "",
          "file": "",
          "beforeHooks": [],
          "afterHooks": [],
          "tests": [
            {
              "title": "Permission management page should have 2 options 1. Feature Tiers 2. Business Roles",
              "fullTitle": "TC02-CreateEditRole-Permission Management Feature Tiers And Business Roles Permission management page should have 2 options 1. Feature Tiers 2. Business Roles",
              "timedOut": null,
              "duration": 10199,
              "state": "passed",
              "speed": "slow",
              "pass": true,
              "fail": false,
              "pending": false,
              "context": null,
              "code": "const state = window.testState;\nreturn cy\n  .then(() => state.onStartScenario(scenario, indexedSteps))\n  .then(() =>\n    resolveAndRunBeforeHooks.call(this, scenario.tags, state.feature.name)\n  )\n  .then(() =>\n    indexedSteps.forEach((step) =>\n      stepTest.call(this, state, step, rowData)\n    )\n  )\n  .then(() => state.onFinishScenario(scenario));",
              "err": {},
              "uuid": "1a7f5895-dd61-4686-81bc-b5bdf7b613bb",
              "parentUUID": "4e4f565a-641c-416e-b46e-33a6d59e12ac",
              "isHook": false,
              "skipped": false
            }
          ],
          "suites": [],
          "passes": [
            "1a7f5895-dd61-4686-81bc-b5bdf7b613bb"
          ],
          "failures": [],
          "pending": [],
          "skipped": [],
          "duration": 10199,
          "root": false,
          "rootEmpty": false,
          "_timeout": 2000
        }
      ],
      "passes": [],
      "failures": [],
      "pending": [],
      "skipped": [],
      "duration": 0,
      "root": true,
      "rootEmpty": true,
      "_timeout": 2000
    }
  ],
  "meta": {
    "mocha": {
      "version": "7.0.1"
    },
    "mochawesome": {
      "options": {
        "quiet": false,
        "reportFilename": "mochawesome",
        "saveHtml": false,
        "saveJson": true,
        "consoleReporter": "spec",
        "useInlineDiffs": false,
        "code": true
      },
      "version": "7.1.3"
    },
    "marge": {
      "options": {
        "id": "default",
        "reportDir": "cypress\\reports\\.jsons",
        "charts": true,
        "reportPageTitle": "Bankjoy Business Banking Regression",
        "embeddedScreenshots": true,
        "inlineAssets": true,
        "html": false,
        "json": true,
        "overwrite": false
      },
      "version": "6.2.0"
    }
  }
}