{
  "stats": {
    "suites": 1,
    "tests": 1,
    "passes": 1,
    "pending": 0,
    "failures": 0,
    "start": "2022-08-04T12:07:14.420Z",
    "end": "2022-08-04T12:07:28.234Z",
    "duration": 13814,
    "testsRegistered": 1,
    "passPercent": 100,
    "pendingPercent": 0,
    "other": 0,
    "hasOther": false,
    "skipped": 0,
    "hasSkipped": false
  },
  "results": [
    {
      "uuid": "a7b6d875-0968-43cd-93a1-63b68c259464",
      "title": "",
      "fullFile": "cypress\\e2e\\CreateEditRole\\TC05-AddConsumerTier.feature",
      "file": "cypress\\e2e\\CreateEditRole\\TC05-AddConsumerTier.feature",
      "beforeHooks": [],
      "afterHooks": [],
      "tests": [],
      "suites": [
        {
          "uuid": "b76a34dc-0fa4-46d9-b7ad-2691ab5bcd75",
          "title": "TC05-CreateEditRole-click on Add Consumer Tier and redirect to Create Consumer Tier page",
          "fullFile": "",
          "file": "",
          "beforeHooks": [],
          "afterHooks": [],
          "tests": [
            {
              "title": "Clicking on Add Consumer tier should redirect to Create Consumer Tier Page",
              "fullTitle": "TC05-CreateEditRole-click on Add Consumer Tier and redirect to Create Consumer Tier page Clicking on Add Consumer tier should redirect to Create Consumer Tier Page",
              "timedOut": null,
              "duration": 11527,
              "state": "passed",
              "speed": "slow",
              "pass": true,
              "fail": false,
              "pending": false,
              "context": null,
              "code": "const state = window.testState;\nreturn cy\n  .then(() => state.onStartScenario(scenario, indexedSteps))\n  .then(() =>\n    resolveAndRunBeforeHooks.call(this, scenario.tags, state.feature.name)\n  )\n  .then(() =>\n    indexedSteps.forEach((step) =>\n      stepTest.call(this, state, step, rowData)\n    )\n  )\n  .then(() => state.onFinishScenario(scenario));",
              "err": {},
              "uuid": "9d82bd7a-c750-4614-bfda-1c19d5f34c3c",
              "parentUUID": "b76a34dc-0fa4-46d9-b7ad-2691ab5bcd75",
              "isHook": false,
              "skipped": false
            }
          ],
          "suites": [],
          "passes": [
            "9d82bd7a-c750-4614-bfda-1c19d5f34c3c"
          ],
          "failures": [],
          "pending": [],
          "skipped": [],
          "duration": 11527,
          "root": false,
          "rootEmpty": false,
          "_timeout": 2000
        }
      ],
      "passes": [],
      "failures": [],
      "pending": [],
      "skipped": [],
      "duration": 0,
      "root": true,
      "rootEmpty": true,
      "_timeout": 2000
    }
  ],
  "meta": {
    "mocha": {
      "version": "7.0.1"
    },
    "mochawesome": {
      "options": {
        "quiet": false,
        "reportFilename": "mochawesome",
        "saveHtml": false,
        "saveJson": true,
        "consoleReporter": "spec",
        "useInlineDiffs": false,
        "code": true
      },
      "version": "7.1.3"
    },
    "marge": {
      "options": {
        "id": "default",
        "reportDir": "cypress\\reports\\.jsons",
        "charts": true,
        "reportPageTitle": "Bankjoy Business Banking Regression",
        "embeddedScreenshots": true,
        "inlineAssets": true,
        "html": false,
        "json": true,
        "overwrite": false
      },
      "version": "6.2.0"
    }
  }
}