{
  "stats": {
    "suites": 1,
    "tests": 1,
    "passes": 1,
    "pending": 0,
    "failures": 0,
    "start": "2022-08-04T12:06:59.310Z",
    "end": "2022-08-04T12:07:10.304Z",
    "duration": 10994,
    "testsRegistered": 1,
    "passPercent": 100,
    "pendingPercent": 0,
    "other": 0,
    "hasOther": false,
    "skipped": 0,
    "hasSkipped": false
  },
  "results": [
    {
      "uuid": "9f339399-cd75-4dd4-8cd1-2634f80184e7",
      "title": "",
      "fullFile": "cypress\\e2e\\CreateEditRole\\TC04-ViewBusinessAndConsumerTier.feature",
      "file": "cypress\\e2e\\CreateEditRole\\TC04-ViewBusinessAndConsumerTier.feature",
      "beforeHooks": [],
      "afterHooks": [],
      "tests": [],
      "suites": [
        {
          "uuid": "9fdbe507-5e6c-487a-b030-4e414daf8028",
          "title": "TC04-CreateEditRole-View Add Consumer Tier and Add Business Tier buttons",
          "fullFile": "",
          "file": "",
          "beforeHooks": [],
          "afterHooks": [],
          "tests": [
            {
              "title": "User should get the following options 1. Add Consumer Tier 2. Add Business Tier",
              "fullTitle": "TC04-CreateEditRole-View Add Consumer Tier and Add Business Tier buttons User should get the following options 1. Add Consumer Tier 2. Add Business Tier",
              "timedOut": null,
              "duration": 8711,
              "state": "passed",
              "speed": "medium",
              "pass": true,
              "fail": false,
              "pending": false,
              "context": null,
              "code": "const state = window.testState;\nreturn cy\n  .then(() => state.onStartScenario(scenario, indexedSteps))\n  .then(() =>\n    resolveAndRunBeforeHooks.call(this, scenario.tags, state.feature.name)\n  )\n  .then(() =>\n    indexedSteps.forEach((step) =>\n      stepTest.call(this, state, step, rowData)\n    )\n  )\n  .then(() => state.onFinishScenario(scenario));",
              "err": {},
              "uuid": "c0b15ae7-4e59-4206-9dd3-9c405ae70e15",
              "parentUUID": "9fdbe507-5e6c-487a-b030-4e414daf8028",
              "isHook": false,
              "skipped": false
            }
          ],
          "suites": [],
          "passes": [
            "c0b15ae7-4e59-4206-9dd3-9c405ae70e15"
          ],
          "failures": [],
          "pending": [],
          "skipped": [],
          "duration": 8711,
          "root": false,
          "rootEmpty": false,
          "_timeout": 2000
        }
      ],
      "passes": [],
      "failures": [],
      "pending": [],
      "skipped": [],
      "duration": 0,
      "root": true,
      "rootEmpty": true,
      "_timeout": 2000
    }
  ],
  "meta": {
    "mocha": {
      "version": "7.0.1"
    },
    "mochawesome": {
      "options": {
        "quiet": false,
        "reportFilename": "mochawesome",
        "saveHtml": false,
        "saveJson": true,
        "consoleReporter": "spec",
        "useInlineDiffs": false,
        "code": true
      },
      "version": "7.1.3"
    },
    "marge": {
      "options": {
        "id": "default",
        "reportDir": "cypress\\reports\\.jsons",
        "charts": true,
        "reportPageTitle": "Bankjoy Business Banking Regression",
        "embeddedScreenshots": true,
        "inlineAssets": true,
        "html": false,
        "json": true,
        "overwrite": false
      },
      "version": "6.2.0"
    }
  }
}