{
  "stats": {
    "suites": 1,
    "tests": 1,
    "passes": 1,
    "pending": 0,
    "failures": 0,
    "start": "2022-08-04T12:06:03.367Z",
    "end": "2022-08-04T12:06:37.473Z",
    "duration": 34106,
    "testsRegistered": 1,
    "passPercent": 100,
    "pendingPercent": 0,
    "other": 0,
    "hasOther": false,
    "skipped": 0,
    "hasSkipped": false
  },
  "results": [
    {
      "uuid": "c8ed02e8-761a-4499-981f-82256d85a03b",
      "title": "",
      "fullFile": "cypress\\e2e\\CreateEditRole\\TC01-EnablePermissionsManagement.feature",
      "file": "cypress\\e2e\\CreateEditRole\\TC01-EnablePermissionsManagement.feature",
      "beforeHooks": [],
      "afterHooks": [],
      "tests": [],
      "suites": [
        {
          "uuid": "8082f342-251a-4f47-ba24-08912816b469",
          "title": "TC01-CreateEditRole-Enable Permissions Management",
          "fullFile": "",
          "file": "",
          "beforeHooks": [],
          "afterHooks": [],
          "tests": [
            {
              "title": "Permission Management option should be visible on the admin panel once Enable Permissions Management set to true in the App Settings",
              "fullTitle": "TC01-CreateEditRole-Enable Permissions Management Permission Management option should be visible on the admin panel once Enable Permissions Management set to true in the App Settings",
              "timedOut": null,
              "duration": 30541,
              "state": "passed",
              "speed": "slow",
              "pass": true,
              "fail": false,
              "pending": false,
              "context": null,
              "code": "const state = window.testState;\nreturn cy\n  .then(() => state.onStartScenario(scenario, indexedSteps))\n  .then(() =>\n    resolveAndRunBeforeHooks.call(this, scenario.tags, state.feature.name)\n  )\n  .then(() =>\n    indexedSteps.forEach((step) =>\n      stepTest.call(this, state, step, rowData)\n    )\n  )\n  .then(() => state.onFinishScenario(scenario));",
              "err": {},
              "uuid": "b1274610-e688-4306-ae65-af41d2e37f89",
              "parentUUID": "8082f342-251a-4f47-ba24-08912816b469",
              "isHook": false,
              "skipped": false
            }
          ],
          "suites": [],
          "passes": [
            "b1274610-e688-4306-ae65-af41d2e37f89"
          ],
          "failures": [],
          "pending": [],
          "skipped": [],
          "duration": 30541,
          "root": false,
          "rootEmpty": false,
          "_timeout": 2000
        }
      ],
      "passes": [],
      "failures": [],
      "pending": [],
      "skipped": [],
      "duration": 0,
      "root": true,
      "rootEmpty": true,
      "_timeout": 2000
    }
  ],
  "meta": {
    "mocha": {
      "version": "7.0.1"
    },
    "mochawesome": {
      "options": {
        "quiet": false,
        "reportFilename": "mochawesome",
        "saveHtml": false,
        "saveJson": true,
        "consoleReporter": "spec",
        "useInlineDiffs": false,
        "code": true
      },
      "version": "7.1.3"
    },
    "marge": {
      "options": {
        "id": "default",
        "reportDir": "cypress\\reports\\.jsons",
        "charts": true,
        "reportPageTitle": "Bankjoy Business Banking Regression",
        "embeddedScreenshots": true,
        "inlineAssets": true,
        "html": false,
        "json": true,
        "overwrite": false
      },
      "version": "6.2.0"
    }
  }
}